#
# There is insufficient memory for the Java Runtime Environment to continue.
# Native memory allocation (mmap) failed to map 131072000 bytes for committing reserved memory.
# Possible reasons:
#   The system is out of physical RAM or swap space
#   The process is running with CompressedOops enabled, and the Java Heap may be blocking the growth of the native heap
# Possible solutions:
#   Reduce memory load on the system
#   Increase physical memory or swap space
#   Check if swap backing store is full
#   Decrease Java heap size (-Xmx/-Xms)
#   Decrease number of Java threads
#   Decrease Java thread stack sizes (-Xss)
#   Set larger code cache with -XX:ReservedCodeCacheSize=
#   JVM is running with Unscaled Compressed Oops mode in which the Java heap is
#     placed in the first 4GB address space. The Java Heap base address is the
#     maximum limit for the native heap growth. Please use -XX:HeapBaseMinAddress
#     to set the Java Heap base and to place the Java Heap above 4GB virtual address.
# This output file may be truncated or incomplete.
#
#  Out of Memory Error (os_linux.cpp:2749), pid=8826, tid=0x00007f23afefe700
#
# JRE version: Java(TM) SE Runtime Environment (8.0_201-b09) (build 1.8.0_201-b09)
# Java VM: Java HotSpot(TM) 64-Bit Server VM (25.201-b09 mixed mode linux-amd64 compressed oops)
# Failed to write core dump. Core dumps have been disabled. To enable core dumping, try "ulimit -c unlimited" before starting Java again
#

---------------  T H R E A D  ---------------

Current thread (0x00007f23cc1ca000):  VMThread [stack: 0x00007f23afdff000,0x00007f23afeff000] [id=8845]

Stack: [0x00007f23afdff000,0x00007f23afeff000],  sp=0x00007f23afefd3f0,  free space=1016k
Native frames: (J=compiled Java code, j=interpreted, Vv=VM code, C=native code)
V  [libjvm.so+0xad3525]  VMError::report_and_die()+0x2e5
V  [libjvm.so+0x4e0457]  report_vm_out_of_memory(char const*, int, unsigned long, VMErrorType, char const*)+0x67
V  [libjvm.so+0x9102f0]  os::pd_commit_memory(char*, unsigned long, unsigned long, bool)+0x100
V  [libjvm.so+0x90791f]  os::commit_memory(char*, unsigned long, unsigned long, bool)+0x1f
V  [libjvm.so+0x98c806]  PSVirtualSpace::expand_by(unsigned long)+0x56
V  [libjvm.so+0x98da98]  PSYoungGen::resize(unsigned long, unsigned long)+0xd8
V  [libjvm.so+0x98a236]  PSScavenge::invoke_no_policy()+0x1376
V  [libjvm.so+0x98a5cc]  PSScavenge::invoke()+0x4c
V  [libjvm.so+0x93a318]  ParallelScavengeHeap::failed_mem_allocate(unsigned long)+0x68
V  [libjvm.so+0xad5073]  VM_ParallelGCFailedAllocation::doit()+0x93
V  [libjvm.so+0xada296]  VM_Operation::evaluate()+0x46
V  [libjvm.so+0xad85cd]  VMThread::evaluate_operation(VM_Operation*) [clone .constprop.44]+0xcd
V  [libjvm.so+0xad8bb3]  VMThread::loop()+0x3a3
V  [libjvm.so+0xad8f88]  VMThread::run()+0x78
V  [libjvm.so+0x90d922]  java_start(Thread*)+0x102

VM_Operation (0x00007f23d54afdd0): ParallelGCFailedAllocation, mode: safepoint, requested by thread 0x00007f23cc00d000


---------------  P R O C E S S  ---------------

Java Threads: ( => current thread )
  0x00007f23cc237800 JavaThread "Service Thread" daemon [_thread_blocked, id=8856, stack(0x00007f23aefff000,0x00007f23af100000)]
  0x00007f23cc234800 JavaThread "C1 CompilerThread3" daemon [_thread_blocked, id=8855, stack(0x00007f23af319000,0x00007f23af419000)]
  0x00007f23cc232000 JavaThread "C2 CompilerThread2" daemon [_thread_blocked, id=8854, stack(0x00007f23af41a000,0x00007f23af51a000)]
  0x00007f23cc231000 JavaThread "C2 CompilerThread1" daemon [_thread_blocked, id=8853, stack(0x00007f23af51b000,0x00007f23af61b000)]
  0x00007f23cc22a800 JavaThread "C2 CompilerThread0" daemon [_thread_blocked, id=8852, stack(0x00007f23af61c000,0x00007f23af71c000)]
  0x00007f23cc229000 JavaThread "Monitor Ctrl-Break" daemon [_thread_in_native, id=8851, stack(0x00007f23af71c000,0x00007f23af81d000)]
  0x00007f23cc209800 JavaThread "Signal Dispatcher" daemon [_thread_blocked, id=8850, stack(0x00007f23af81d000,0x00007f23af91e000)]
  0x00007f23cc1d6800 JavaThread "Finalizer" daemon [_thread_blocked, id=8849, stack(0x00007f23afbfc000,0x00007f23afcfd000)]
  0x00007f23cc1d4000 JavaThread "Reference Handler" daemon [_thread_blocked, id=8848, stack(0x00007f23afcfd000,0x00007f23afdfe000)]
  0x00007f23cc00d000 JavaThread "main" [_thread_blocked, id=8829, stack(0x00007f23d53b3000,0x00007f23d54b3000)]

Other Threads:
=>0x00007f23cc1ca000 VMThread [stack: 0x00007f23afdff000,0x00007f23afeff000] [id=8845]
  0x00007f23cc23c000 WatcherThread [stack: 0x00007f23aeeff000,0x00007f23aefff000] [id=8857]

VM state:at safepoint (normal execution)

VM Mutex/Monitor currently owned by a thread:  ([mutex/lock_event])
[0x00007f23cc00b3a0] Threads_lock - owner thread: 0x00007f23cc1ca000
[0x00007f23cc00b8a0] Heap_lock - owner thread: 0x00007f23cc00d000

heap address: 0x0000000084a00000, size: 1974 MB, Compressed Oops mode: 32-bit
Narrow klass base: 0x0000000000000000, Narrow klass shift: 3
Compressed class space size: 1073741824 Address: 0x0000000100000000

Heap:
 PSYoungGen      total 131072K, used 96K [0x00000000d6e00000, 0x00000000df200000, 0x0000000100000000)
  eden space 126976K, 0% used [0x00000000d6e00000,0x00000000d6e00000,0x00000000dea00000)
  from space 4096K, 2% used [0x00000000dea00000,0x00000000dea18000,0x00000000dee00000)
  to   space 4096K, 0% used [0x00000000dee00000,0x00000000dee00000,0x00000000df200000)
 ParOldGen       total 84992K, used 2562K [0x0000000084a00000, 0x0000000089d00000, 0x00000000d6e00000)
  object space 84992K, 3% used [0x0000000084a00000,0x0000000084c80890,0x0000000089d00000)
 Metaspace       used 10285K, capacity 11066K, committed 11264K, reserved 1058816K
  class space    used 1257K, capacity 1432K, committed 1536K, reserved 1048576K

Card table byte_map: [0x00007f23d22f5000,0x00007f23d26d1000] byte_map_base: 0x00007f23d1ed0000

Marking Bits: (ParMarkBitMap*) 0x00007f23d4867d80
 Begin Bits: [0x00007f23b4250000, 0x00007f23b6128000)
 End Bits:   [0x00007f23b6128000, 0x00007f23b8000000)

Polling page: 0x00007f23d54d7000

CodeCache: size=245760Kb used=5439Kb max_used=5455Kb free=240320Kb
 bounds [0x00007f23bd000000, 0x00007f23bd570000, 0x00007f23cc000000]
 total_blobs=1976 nmethods=1616 adapters=273
 compilation: enabled

Compilation events (10 events):
Event: 3.189 Thread 0x00007f23cc231000 1612       4       java.util.Formatter::parse (151 bytes)
Event: 3.197 Thread 0x00007f23cc22a800 nmethod 1611 0x00007f23bd4bf4d0 code [0x00007f23bd4bf760, 0x00007f23bd4c0568]
Event: 3.376 Thread 0x00007f23cc232000 nmethod 1598 0x00007f23bd51d250 code [0x00007f23bd51daa0, 0x00007f23bd520478]
Event: 3.522 Thread 0x00007f23cc234800 1614 %     3       se.kth.iv1350.registersystem.view.View::simulateSale @ 349 (774 bytes)
Event: 3.564 Thread 0x00007f23cc234800 nmethod 1614% 0x00007f23bd524050 code [0x00007f23bd525080, 0x00007f23bd530a28]
Event: 3.570 Thread 0x00007f23cc234800 1615       3       se.kth.iv1350.registersystem.view.View::simulateSale (774 bytes)
Event: 3.670 Thread 0x00007f23cc234800 nmethod 1615 0x00007f23bd53aa90 code [0x00007f23bd53baa0, 0x00007f23bd5471e8]
Event: 4.406 Thread 0x00007f23cc231000 nmethod 1612 0x00007f23bd550e50 code [0x00007f23bd551840, 0x00007f23bd557098]
Event: 4.926 Thread 0x00007f23cc22a800 1616 %     4       se.kth.iv1350.registersystem.view.View::simulateSale @ 349 (774 bytes)
Event: 4.969 Thread 0x00007f23cc22a800 nmethod 1616% 0x00007f23bd4b9f10 code [0x00007f23bd4ba160, 0x00007f23bd4bb490]

GC Heap History (10 events):
Event: 1.619 GC heap after
Heap after GC invocations=2 (full 0):
 PSYoungGen      total 36864K, used 2576K [0x00000000d6e00000, 0x00000000db600000, 0x0000000100000000)
  eden space 31744K, 0% used [0x00000000d6e00000,0x00000000d6e00000,0x00000000d8d00000)
  from space 5120K, 50% used [0x00000000d9200000,0x00000000d9484010,0x00000000d9700000)
  to   space 5120K, 0% used [0x00000000d8d00000,0x00000000d8d00000,0x00000000d9200000)
 ParOldGen       total 84992K, used 32K [0x0000000084a00000, 0x0000000089d00000, 0x00000000d6e00000)
  object space 84992K, 0% used [0x0000000084a00000,0x0000000084a08000,0x0000000089d00000)
 Metaspace       used 10254K, capacity 11066K, committed 11264K, reserved 1058816K
  class space    used 1257K, capacity 1432K, committed 1536K, reserved 1048576K
}
Event: 1.944 GC heap before
{Heap before GC invocations=3 (full 0):
 PSYoungGen      total 36864K, used 34320K [0x00000000d6e00000, 0x00000000db600000, 0x0000000100000000)
  eden space 31744K, 100% used [0x00000000d6e00000,0x00000000d8d00000,0x00000000d8d00000)
  from space 5120K, 50% used [0x00000000d9200000,0x00000000d9484010,0x00000000d9700000)
  to   space 5120K, 0% used [0x00000000d8d00000,0x00000000d8d00000,0x00000000d9200000)
 ParOldGen       total 84992K, used 32K [0x0000000084a00000, 0x0000000089d00000, 0x00000000d6e00000)
  object space 84992K, 0% used [0x0000000084a00000,0x0000000084a08000,0x0000000089d00000)
 Metaspace       used 10254K, capacity 11066K, committed 11264K, reserved 1058816K
  class space    used 1257K, capacity 1432K, committed 1536K, reserved 1048576K
Event: 1.977 GC heap after
Heap after GC invocations=3 (full 0):
 PSYoungGen      total 36864K, used 2576K [0x00000000d6e00000, 0x00000000db600000, 0x0000000100000000)
  eden space 31744K, 0% used [0x00000000d6e00000,0x00000000d6e00000,0x00000000d8d00000)
  from space 5120K, 50% used [0x00000000d8d00000,0x00000000d8f84010,0x00000000d9200000)
  to   space 5120K, 0% used [0x00000000db100000,0x00000000db100000,0x00000000db600000)
 ParOldGen       total 84992K, used 32K [0x0000000084a00000, 0x0000000089d00000, 0x00000000d6e00000)
  object space 84992K, 0% used [0x0000000084a00000,0x0000000084a08000,0x0000000089d00000)
 Metaspace       used 10254K, capacity 11066K, committed 11264K, reserved 1058816K
  class space    used 1257K, capacity 1432K, committed 1536K, reserved 1048576K
}
Event: 2.273 GC heap before
{Heap before GC invocations=4 (full 0):
 PSYoungGen      total 36864K, used 34320K [0x00000000d6e00000, 0x00000000db600000, 0x0000000100000000)
  eden space 31744K, 100% used [0x00000000d6e00000,0x00000000d8d00000,0x00000000d8d00000)
  from space 5120K, 50% used [0x00000000d8d00000,0x00000000d8f84010,0x00000000d9200000)
  to   space 5120K, 0% used [0x00000000db100000,0x00000000db100000,0x00000000db600000)
 ParOldGen       total 84992K, used 32K [0x0000000084a00000, 0x0000000089d00000, 0x00000000d6e00000)
  object space 84992K, 0% used [0x0000000084a00000,0x0000000084a08000,0x0000000089d00000)
 Metaspace       used 10254K, capacity 11066K, committed 11264K, reserved 1058816K
  class space    used 1257K, capacity 1432K, committed 1536K, reserved 1048576K
Event: 2.280 GC heap after
Heap after GC invocations=4 (full 0):
 PSYoungGen      total 68608K, used 2528K [0x00000000d6e00000, 0x00000000db600000, 0x0000000100000000)
  eden space 63488K, 0% used [0x00000000d6e00000,0x00000000d6e00000,0x00000000dac00000)
  from space 5120K, 49% used [0x00000000db100000,0x00000000db378000,0x00000000db600000)
  to   space 5120K, 0% used [0x00000000dac00000,0x00000000dac00000,0x00000000db100000)
 ParOldGen       total 84992K, used 32K [0x0000000084a00000, 0x0000000089d00000, 0x00000000d6e00000)
  object space 84992K, 0% used [0x0000000084a00000,0x0000000084a08000,0x0000000089d00000)
 Metaspace       used 10254K, capacity 11066K, committed 11264K, reserved 1058816K
  class space    used 1257K, capacity 1432K, committed 1536K, reserved 1048576K
}
Event: 3.587 GC heap before
{Heap before GC invocations=5 (full 0):
 PSYoungGen      total 68608K, used 66016K [0x00000000d6e00000, 0x00000000db600000, 0x0000000100000000)
  eden space 63488K, 100% used [0x00000000d6e00000,0x00000000dac00000,0x00000000dac00000)
  from space 5120K, 49% used [0x00000000db100000,0x00000000db378000,0x00000000db600000)
  to   space 5120K, 0% used [0x00000000dac00000,0x00000000dac00000,0x00000000db100000)
 ParOldGen       total 84992K, used 32K [0x0000000084a00000, 0x0000000089d00000, 0x00000000d6e00000)
  object space 84992K, 0% used [0x0000000084a00000,0x0000000084a08000,0x0000000089d00000)
 Metaspace       used 10285K, capacity 11066K, committed 11264K, reserved 1058816K
  class space    used 1257K, capacity 1432K, committed 1536K, reserved 1048576K
Event: 3.635 GC heap after
Heap after GC invocations=5 (full 0):
 PSYoungGen      total 68608K, used 2592K [0x00000000d6e00000, 0x00000000df200000, 0x0000000100000000)
  eden space 63488K, 0% used [0x00000000d6e00000,0x00000000d6e00000,0x00000000dac00000)
  from space 5120K, 50% used [0x00000000dac00000,0x00000000dae88020,0x00000000db100000)
  to   space 4096K, 0% used [0x00000000dee00000,0x00000000dee00000,0x00000000df200000)
 ParOldGen       total 84992K, used 40K [0x0000000084a00000, 0x0000000089d00000, 0x00000000d6e00000)
  object space 84992K, 0% used [0x0000000084a00000,0x0000000084a0a000,0x0000000089d00000)
 Metaspace       used 10285K, capacity 11066K, committed 11264K, reserved 1058816K
  class space    used 1257K, capacity 1432K, committed 1536K, reserved 1048576K
}
Event: 4.487 GC heap before
{Heap before GC invocations=6 (full 0):
 PSYoungGen      total 68608K, used 66080K [0x00000000d6e00000, 0x00000000df200000, 0x0000000100000000)
  eden space 63488K, 100% used [0x00000000d6e00000,0x00000000dac00000,0x00000000dac00000)
  from space 5120K, 50% used [0x00000000dac00000,0x00000000dae88020,0x00000000db100000)
  to   space 4096K, 0% used [0x00000000dee00000,0x00000000dee00000,0x00000000df200000)
 ParOldGen       total 84992K, used 40K [0x0000000084a00000, 0x0000000089d00000, 0x00000000d6e00000)
  object space 84992K, 0% used [0x0000000084a00000,0x0000000084a0a000,0x0000000089d00000)
 Metaspace       used 10285K, capacity 11066K, committed 11264K, reserved 1058816K
  class space    used 1257K, capacity 1432K, committed 1536K, reserved 1048576K
Event: 4.552 GC heap after
Heap after GC invocations=6 (full 0):
 PSYoungGen      total 131072K, used 2576K [0x00000000d6e00000, 0x00000000df200000, 0x0000000100000000)
  eden space 126976K, 0% used [0x00000000d6e00000,0x00000000d6e00000,0x00000000dea00000)
  from space 4096K, 62% used [0x00000000dee00000,0x00000000df084010,0x00000000df200000)
  to   space 4096K, 0% used [0x00000000dea00000,0x00000000dea00000,0x00000000dee00000)
 ParOldGen       total 84992K, used 48K [0x0000000084a00000, 0x0000000089d00000, 0x00000000d6e00000)
  object space 84992K, 0% used [0x0000000084a00000,0x0000000084a0c000,0x0000000089d00000)
 Metaspace       used 10285K, capacity 11066K, committed 11264K, reserved 1058816K
  class space    used 1257K, capacity 1432K, committed 1536K, reserved 1048576K
}
Event: 5.570 GC heap before
{Heap before GC invocations=7 (full 0):
 PSYoungGen      total 131072K, used 129552K [0x00000000d6e00000, 0x00000000df200000, 0x0000000100000000)
  eden space 126976K, 100% used [0x00000000d6e00000,0x00000000dea00000,0x00000000dea00000)
  from space 4096K, 62% used [0x00000000dee00000,0x00000000df084010,0x00000000df200000)
  to   space 4096K, 0% used [0x00000000dea00000,0x00000000dea00000,0x00000000dee00000)
 ParOldGen       total 84992K, used 48K [0x0000000084a00000, 0x0000000089d00000, 0x00000000d6e00000)
  object space 84992K, 0% used [0x0000000084a00000,0x0000000084a0c000,0x0000000089d00000)
 Metaspace       used 10285K, capacity 11066K, committed 11264K, reserved 1058816K
  class space    used 1257K, capacity 1432K, committed 1536K, reserved 1048576K

Deoptimization events (10 events):
Event: 1.322 Thread 0x00007f23cc00d000 Uncommon trap: reason=class_check action=maybe_recompile pc=0x00007f23bd35dc6c method=java.util.regex.Pattern$Slice.match(Ljava/util/regex/Matcher;ILjava/lang/CharSequence;)Z @ 49
Event: 1.324 Thread 0x00007f23cc00d000 Uncommon trap: reason=class_check action=maybe_recompile pc=0x00007f23bd35dc6c method=java.util.regex.Pattern$Slice.match(Ljava/util/regex/Matcher;ILjava/lang/CharSequence;)Z @ 49
Event: 1.324 Thread 0x00007f23cc00d000 Uncommon trap: reason=class_check action=maybe_recompile pc=0x00007f23bd35dc6c method=java.util.regex.Pattern$Slice.match(Ljava/util/regex/Matcher;ILjava/lang/CharSequence;)Z @ 49
Event: 1.325 Thread 0x00007f23cc00d000 Uncommon trap: reason=bimorphic action=maybe_recompile pc=0x00007f23bd38b10c method=java.util.regex.Matcher.match(II)Z @ 86
Event: 1.325 Thread 0x00007f23cc00d000 Uncommon trap: reason=bimorphic action=maybe_recompile pc=0x00007f23bd38b10c method=java.util.regex.Matcher.match(II)Z @ 86
Event: 1.327 Thread 0x00007f23cc00d000 Uncommon trap: reason=class_check action=maybe_recompile pc=0x00007f23bd369e50 method=java.util.regex.Pattern$5.isSatisfiedBy(I)Z @ 16
Event: 1.327 Thread 0x00007f23cc00d000 Uncommon trap: reason=class_check action=maybe_recompile pc=0x00007f23bd369e50 method=java.util.regex.Pattern$5.isSatisfiedBy(I)Z @ 16
Event: 1.327 Thread 0x00007f23cc00d000 Uncommon trap: reason=class_check action=maybe_recompile pc=0x00007f23bd369e50 method=java.util.regex.Pattern$5.isSatisfiedBy(I)Z @ 16
Event: 1.328 Thread 0x00007f23cc00d000 Uncommon trap: reason=bimorphic action=maybe_recompile pc=0x00007f23bd38b10c method=java.util.regex.Matcher.match(II)Z @ 86
Event: 1.330 Thread 0x00007f23cc00d000 Uncommon trap: reason=bimorphic action=maybe_recompile pc=0x00007f23bd38b10c method=java.util.regex.Matcher.match(II)Z @ 86

Classes redefined (0 events):
No events

Internal exceptions (10 events):
Event: 0.854 Thread 0x00007f23cc00d000 Exception <a 'java/lang/IncompatibleClassChangeError': Found class java.lang.Object, but interface was expected> (0x00000000d771e588) thrown at [/HUDSON/workspace/8-2-build-linux-amd64/jdk8u201/12317/hotspot/src/share/vm/interpreter/linkResolver.cpp, line
Event: 0.875 Thread 0x00007f23cc00d000 Exception <a 'java/lang/IncompatibleClassChangeError': Found class java.lang.Object, but interface was expected> (0x00000000d7843cf8) thrown at [/HUDSON/workspace/8-2-build-linux-amd64/jdk8u201/12317/hotspot/src/share/vm/interpreter/linkResolver.cpp, line
Event: 0.922 Thread 0x00007f23cc00d000 Exception <a 'java/lang/NoSuchMethodError': java.lang.Object.lambda$andThen$1(Ljava/util/function/Function;Ljava/lang/Object;)Ljava/lang/Object;> (0x00000000d79d8340) thrown at [/HUDSON/workspace/8-2-build-linux-amd64/jdk8u201/12317/hotspot/src/share/vm/i
Event: 0.964 Thread 0x00007f23cc00d000 Exception <a 'java/lang/IncompatibleClassChangeError': Found class java.lang.Object, but interface was expected> (0x00000000d7b6d5d0) thrown at [/HUDSON/workspace/8-2-build-linux-amd64/jdk8u201/12317/hotspot/src/share/vm/interpreter/linkResolver.cpp, line
Event: 0.965 Thread 0x00007f23cc00d000 Exception <a 'java/lang/NoSuchMethodError': java.lang.Object.lambda$accept$0(Lorg/junit/platform/engine/TestDescriptor$Visitor;Lorg/junit/platform/engine/TestDescriptor;)V> (0x00000000d7bab688) thrown at [/HUDSON/workspace/8-2-build-linux-amd64/jdk8u201/1
Event: 1.031 Thread 0x00007f23cc00d000 Exception <a 'java/lang/NoSuchMethodError': java.lang.Object.lambda$isEqual$3(Ljava/lang/Object;Ljava/lang/Object;)Z> (0x00000000d7f4fe38) thrown at [/HUDSON/workspace/8-2-build-linux-amd64/jdk8u201/12317/hotspot/src/share/vm/interpreter/linkResolver.cpp,
Event: 1.051 Thread 0x00007f23cc00d000 Exception <a 'java/lang/NoSuchMethodError': java.lang.Object.containsTests(Lorg/junit/platform/engine/TestDescriptor;)Z> (0x00000000d80715d8) thrown at [/HUDSON/workspace/8-2-build-linux-amd64/jdk8u201/12317/hotspot/src/share/vm/interpreter/linkResolver.c
Event: 1.136 Thread 0x00007f23cc00d000 Exception <a 'java/lang/IncompatibleClassChangeError': Found class java.lang.Object, but interface was expected> (0x00000000d8634460) thrown at [/HUDSON/workspace/8-2-build-linux-amd64/jdk8u201/12317/hotspot/src/share/vm/interpreter/linkResolver.cpp, line
Event: 1.142 Thread 0x00007f23cc00d000 Exception <a 'java/lang/NoSuchMethodError': java.lang.Object.lambda$comparing$77a9974f$1(Ljava/util/function/Function;Ljava/lang/Object;Ljava/lang/Object;)I> (0x00000000d86b12f8) thrown at [/HUDSON/workspace/8-2-build-linux-amd64/jdk8u201/12317/hotspot/sr
Event: 1.144 Thread 0x00007f23cc00d000 Exception <a 'java/lang/NoSuchMethodError': java.lang.Object.lambda$thenComparing$36697e65$1(Ljava/util/Comparator;Ljava/lang/Object;Ljava/lang/Object;)I> (0x00000000d86ca640) thrown at [/HUDSON/workspace/8-2-build-linux-amd64/jdk8u201/12317/hotspot/src/s

Events (10 events):
Event: 2.280 Executing VM operation: ParallelGCFailedAllocation done
Event: 3.586 Executing VM operation: ParallelGCFailedAllocation
Event: 3.635 Executing VM operation: ParallelGCFailedAllocation done
Event: 4.292 Executing VM operation: EnableBiasedLocking
Event: 4.293 Executing VM operation: EnableBiasedLocking done
Event: 4.487 Executing VM operation: ParallelGCFailedAllocation
Event: 4.552 Executing VM operation: ParallelGCFailedAllocation done
Event: 4.999 Thread 0x00007f23cc00d000 DEOPT PACKING pc=0x00007f23bd52f984 sp=0x00007f23d54afd80
Event: 4.999 Thread 0x00007f23cc00d000 DEOPT UNPACKING pc=0x00007f23bd047784 sp=0x00007f23d54afd68 mode 0
Event: 5.560 Executing VM operation: ParallelGCFailedAllocation


Dynamic libraries:
00400000-00401000 r-xp 00000000 08:05 530681                             /usr/lib/jvm/java-8-oracle/bin/java
00600000-00601000 r--p 00000000 08:05 530681                             /usr/lib/jvm/java-8-oracle/bin/java
00601000-00602000 rw-p 00001000 08:05 530681                             /usr/lib/jvm/java-8-oracle/bin/java
00842000-00863000 rw-p 00000000 00:00 0                                  [heap]
84a00000-89d00000 rw-p 00000000 00:00 0 
89d00000-d6e00000 ---p 00000000 00:00 0 
d6e00000-df200000 rw-p 00000000 00:00 0 
e6f00000-100000000 ---p 00000000 00:00 0 
100000000-100180000 rw-p 00000000 00:00 0 
100180000-140000000 ---p 00000000 00:00 0 
7f2364000000-7f2364021000 rw-p 00000000 00:00 0 
7f2364021000-7f2368000000 ---p 00000000 00:00 0 
7f2368000000-7f2368021000 rw-p 00000000 00:00 0 
7f2368021000-7f236c000000 ---p 00000000 00:00 0 
7f236c000000-7f236d474000 rw-p 00000000 00:00 0 
7f236d474000-7f2370000000 ---p 00000000 00:00 0 
7f2370000000-7f23702dd000 rw-p 00000000 00:00 0 
7f23702dd000-7f2374000000 ---p 00000000 00:00 0 
7f2374000000-7f23758e6000 rw-p 00000000 00:00 0 
7f23758e6000-7f2378000000 ---p 00000000 00:00 0 
7f2378000000-7f2379236000 rw-p 00000000 00:00 0 
7f2379236000-7f237c000000 ---p 00000000 00:00 0 
7f237c000000-7f237c021000 rw-p 00000000 00:00 0 
7f237c021000-7f2380000000 ---p 00000000 00:00 0 
7f2380000000-7f238004d000 rw-p 00000000 00:00 0 
7f238004d000-7f2384000000 ---p 00000000 00:00 0 
7f2384000000-7f2384021000 rw-p 00000000 00:00 0 
7f2384021000-7f2388000000 ---p 00000000 00:00 0 
7f2388000000-7f2388021000 rw-p 00000000 00:00 0 
7f2388021000-7f238c000000 ---p 00000000 00:00 0 
7f238c000000-7f238c021000 rw-p 00000000 00:00 0 
7f238c021000-7f2390000000 ---p 00000000 00:00 0 
7f2390000000-7f239029c000 rw-p 00000000 00:00 0 
7f239029c000-7f2394000000 ---p 00000000 00:00 0 
7f2394000000-7f2394021000 rw-p 00000000 00:00 0 
7f2394021000-7f2398000000 ---p 00000000 00:00 0 
7f239c000000-7f239c021000 rw-p 00000000 00:00 0 
7f239c021000-7f23a0000000 ---p 00000000 00:00 0 
7f23a0000000-7f23a0021000 rw-p 00000000 00:00 0 
7f23a0021000-7f23a4000000 ---p 00000000 00:00 0 
7f23a4000000-7f23a4021000 rw-p 00000000 00:00 0 
7f23a4021000-7f23a8000000 ---p 00000000 00:00 0 
7f23a8000000-7f23a8021000 rw-p 00000000 00:00 0 
7f23a8021000-7f23ac000000 ---p 00000000 00:00 0 
7f23aeaec000-7f23aec6c000 rw-p 00000000 00:00 0 
7f23aec6c000-7f23aecec000 ---p 00000000 00:00 0 
7f23aecec000-7f23aecfd000 r-xp 00000000 08:05 818514                     /usr/lib/jvm/java-8-oracle/jre/lib/amd64/libnio.so
7f23aecfd000-7f23aeefc000 ---p 00011000 08:05 818514                     /usr/lib/jvm/java-8-oracle/jre/lib/amd64/libnio.so
7f23aeefc000-7f23aeefd000 r--p 00010000 08:05 818514                     /usr/lib/jvm/java-8-oracle/jre/lib/amd64/libnio.so
7f23aeefd000-7f23aeefe000 rw-p 00011000 08:05 818514                     /usr/lib/jvm/java-8-oracle/jre/lib/amd64/libnio.so
7f23aeefe000-7f23aeeff000 ---p 00000000 00:00 0 
7f23aeeff000-7f23aefff000 rw-p 00000000 00:00 0 
7f23aefff000-7f23af002000 ---p 00000000 00:00 0 
7f23af002000-7f23af100000 rw-p 00000000 00:00 0 
7f23af100000-7f23af116000 r-xp 00000000 08:05 818511                     /usr/lib/jvm/java-8-oracle/jre/lib/amd64/libnet.so
7f23af116000-7f23af316000 ---p 00016000 08:05 818511                     /usr/lib/jvm/java-8-oracle/jre/lib/amd64/libnet.so
7f23af316000-7f23af317000 r--p 00016000 08:05 818511                     /usr/lib/jvm/java-8-oracle/jre/lib/amd64/libnet.so
7f23af317000-7f23af318000 rw-p 00017000 08:05 818511                     /usr/lib/jvm/java-8-oracle/jre/lib/amd64/libnet.so
7f23af318000-7f23af319000 ---p 00000000 00:00 0 
7f23af319000-7f23af31c000 ---p 00000000 00:00 0 
7f23af31c000-7f23af419000 rw-p 00000000 00:00 0 
7f23af419000-7f23af41a000 ---p 00000000 00:00 0 
7f23af41a000-7f23af41d000 ---p 00000000 00:00 0 
7f23af41d000-7f23af51a000 rw-p 00000000 00:00 0 
7f23af51a000-7f23af51b000 ---p 00000000 00:00 0 
7f23af51b000-7f23af51e000 ---p 00000000 00:00 0 
7f23af51e000-7f23af61b000 rw-p 00000000 00:00 0 
7f23af61b000-7f23af61c000 ---p 00000000 00:00 0 
7f23af61c000-7f23af61f000 ---p 00000000 00:00 0 
7f23af61f000-7f23af71c000 rw-p 00000000 00:00 0 
7f23af71c000-7f23af71f000 ---p 00000000 00:00 0 
7f23af71f000-7f23af81d000 rw-p 00000000 00:00 0 
7f23af81d000-7f23af820000 ---p 00000000 00:00 0 
7f23af820000-7f23af91e000 rw-p 00000000 00:00 0 
7f23af91e000-7f23afbfc000 r--p 00000000 08:05 530660                     /usr/lib/locale/locale-archive
7f23afbfc000-7f23afbff000 ---p 00000000 00:00 0 
7f23afbff000-7f23afcfd000 rw-p 00000000 00:00 0 
7f23afcfd000-7f23afd00000 ---p 00000000 00:00 0 
7f23afd00000-7f23afdfe000 rw-p 00000000 00:00 0 
7f23afdfe000-7f23afdff000 ---p 00000000 00:00 0 
7f23afdff000-7f23b0000000 rw-p 00000000 00:00 0 
7f23b0000000-7f23b0021000 rw-p 00000000 00:00 0 
7f23b0021000-7f23b4000000 ---p 00000000 00:00 0 
7f23b404e000-7f23b8000000 rw-p 00000000 00:00 0 
7f23b8000000-7f23b8021000 rw-p 00000000 00:00 0 
7f23b8021000-7f23bc000000 ---p 00000000 00:00 0 
7f23bc0f1000-7f23bd000000 rw-p 00000000 00:00 0 
7f23bd000000-7f23bd570000 rwxp 00000000 00:00 0 
7f23bd570000-7f23cc000000 ---p 00000000 00:00 0 
7f23cc000000-7f23cc944000 rw-p 00000000 00:00 0 
7f23cc944000-7f23d0000000 ---p 00000000 00:00 0 
7f23d0066000-7f23d0081000 r--s 001d4000 08:05 1841570                    /usr/lib/jvm/java-8-oracle/jre/lib/ext/nashorn.jar
7f23d0081000-7f23d0083000 r--s 00000000 08:05 685495                     /root/.m2/repository/org/jboss/shrinkwrap/shrinkwrap-spi/1.2.6/shrinkwrap-spi-1.2.6.jar
7f23d0083000-7f23d0088000 r--s 0002b000 08:05 685494                     /root/.m2/repository/org/jboss/shrinkwrap/shrinkwrap-impl-base/1.2.6/shrinkwrap-impl-base-1.2.6.jar
7f23d0088000-7f23d008c000 r--s 00019000 08:05 685491                     /root/.m2/repository/org/jboss/arquillian/container/arquillian-container-test-impl-base/1.4.1.Final/arquillian-container-test-impl-base-1.4.1.Final.jar
7f23d008c000-7f23d008e000 r--s 00008000 08:05 685490                     /root/.m2/repository/org/jboss/shrinkwrap/descriptors/shrinkwrap-descriptors-spi/2.0.0/shrinkwrap-descriptors-spi-2.0.0.jar
7f23d008e000-7f23d008f000 r--s 00000000 08:05 685488                     /root/.m2/repository/org/jboss/arquillian/config/arquillian-config-spi/1.4.1.Final/arquillian-config-spi-1.4.1.Final.jar
7f23d008f000-7f23d0091000 r--s 00009000 08:05 685487                     /root/.m2/repository/org/jboss/arquillian/config/arquillian-config-impl-base/1.4.1.Final/arquillian-config-impl-base-1.4.1.Final.jar
7f23d0091000-7f23d0092000 r--s 00001000 08:05 685482                     /root/.m2/repository/org/jboss/arquillian/config/arquillian-config-api/1.4.1.Final/arquillian-config-api-1.4.1.Final.jar
7f23d0092000-7f23d0095000 r--s 00011000 08:05 685481                     /root/.m2/repository/org/jboss/arquillian/container/arquillian-container-impl-base/1.4.1.Final/arquillian-container-impl-base-1.4.1.Final.jar
7f23d0095000-7f23d0097000 r--s 00006000 08:05 685480                     /root/.m2/repository/org/jboss/arquillian/test/arquillian-test-impl-base/1.4.1.Final/arquillian-test-impl-base-1.4.1.Final.jar
7f23d0097000-7f23d009a000 r--s 0000e000 08:05 685476                     /root/.m2/repository/org/jboss/arquillian/core/arquillian-core-impl-base/1.4.1.Final/arquillian-core-impl-base-1.4.1.Final.jar
7f23d009a000-7f23d009d000 r--s 0000a000 08:05 685474                     /root/.m2/repository/org/jboss/arquillian/container/arquillian-container-spi/1.4.1.Final/arquillian-container-spi-1.4.1.Final.jar
7f23d009d000-7f23d009f000 r--s 00005000 08:05 685473                     /root/.m2/repository/org/jboss/arquillian/container/arquillian-container-test-spi/1.4.1.Final/arquillian-container-test-spi-1.4.1.Final.jar
7f23d009f000-7f23d00a1000 r--s 00003000 08:05 685471                     /root/.m2/repository/org/jboss/shrinkwrap/descriptors/shrinkwrap-descriptors-api-base/2.0.0/shrinkwrap-descriptors-api-base-2.0.0.jar
7f23d00a1000-7f23d00a5000 r--s 0000d000 08:05 685468                     /root/.m2/repository/org/jboss/shrinkwrap/shrinkwrap-api/1.2.6/shrinkwrap-api-1.2.6.jar
7f23d00a5000-7f23d00a7000 r--s 00003000 08:05 685466                     /root/.m2/repository/org/jboss/arquillian/container/arquillian-container-test-api/1.4.1.Final/arquillian-container-test-api-1.4.1.Final.jar
7f23d00a7000-7f23d00aa000 r--s 00009000 08:05 641380                     /root/.m2/repository/org/jboss/arquillian/test/arquillian-test-spi/1.4.1.Final/arquillian-test-spi-1.4.1.Final.jar
7f23d00aa000-7f23d00bd000 r--s 000d6000 08:05 818428                     /usr/lib/jvm/java-8-oracle/jre/lib/plugin.jar
7f23d00bd000-7f23d00d8000 r--s 0020c000 08:05 818415                     /usr/lib/jvm/java-8-oracle/jre/lib/deploy.jar
7f23d00d8000-7f23d0a30000 rw-p 00000000 00:00 0 
7f23d0a30000-7f23d0c0a000 r--s 03d6f000 08:05 818443                     /usr/lib/jvm/java-8-oracle/jre/lib/rt.jar
7f23d0c0a000-7f23d185b000 rw-p 00000000 00:00 0 
7f23d185b000-7f23d185c000 ---p 00000000 00:00 0 
7f23d185c000-7f23d195c000 rw-p 00000000 00:00 0 
7f23d195c000-7f23d195d000 ---p 00000000 00:00 0 
7f23d195d000-7f23d1a5d000 rw-p 00000000 00:00 0 
7f23d1a5d000-7f23d1a5e000 ---p 00000000 00:00 0 
7f23d1a5e000-7f23d1b5e000 rw-p 00000000 00:00 0 
7f23d1b5e000-7f23d1b5f000 ---p 00000000 00:00 0 
7f23d1b5f000-7f23d1c5f000 rw-p 00000000 00:00 0 
7f23d1c5f000-7f23d1c60000 ---p 00000000 00:00 0 
7f23d1c60000-7f23d1d60000 rw-p 00000000 00:00 0 
7f23d1d60000-7f23d1d61000 ---p 00000000 00:00 0 
7f23d1d61000-7f23d1e61000 rw-p 00000000 00:00 0 
7f23d1e61000-7f23d1e62000 ---p 00000000 00:00 0 
7f23d1e62000-7f23d1f62000 rw-p 00000000 00:00 0 
7f23d1f62000-7f23d1f63000 ---p 00000000 00:00 0 
7f23d1f63000-7f23d208d000 rw-p 00000000 00:00 0 
7f23d208d000-7f23d22f5000 ---p 00000000 00:00 0 
7f23d22f5000-7f23d231f000 rw-p 00000000 00:00 0 
7f23d231f000-7f23d2587000 ---p 00000000 00:00 0 
7f23d2587000-7f23d25c9000 rw-p 00000000 00:00 0 
7f23d25c9000-7f23d26d0000 ---p 00000000 00:00 0 
7f23d26d0000-7f23d26e7000 rw-p 00000000 00:00 0 
7f23d26e7000-7f23d2a91000 ---p 00000000 00:00 0 
7f23d2a91000-7f23d2aac000 r-xp 00000000 08:05 818507                     /usr/lib/jvm/java-8-oracle/jre/lib/amd64/libzip.so
7f23d2aac000-7f23d2cab000 ---p 0001b000 08:05 818507                     /usr/lib/jvm/java-8-oracle/jre/lib/amd64/libzip.so
7f23d2cab000-7f23d2cac000 r--p 0001a000 08:05 818507                     /usr/lib/jvm/java-8-oracle/jre/lib/amd64/libzip.so
7f23d2cac000-7f23d2cad000 rw-p 0001b000 08:05 818507                     /usr/lib/jvm/java-8-oracle/jre/lib/amd64/libzip.so
7f23d2cad000-7f23d2cb7000 r-xp 00000000 08:05 818516                     /usr/lib/jvm/java-8-oracle/jre/lib/amd64/libinstrument.so
7f23d2cb7000-7f23d2eb6000 ---p 0000a000 08:05 818516                     /usr/lib/jvm/java-8-oracle/jre/lib/amd64/libinstrument.so
7f23d2eb6000-7f23d2eb7000 r--p 00009000 08:05 818516                     /usr/lib/jvm/java-8-oracle/jre/lib/amd64/libinstrument.so
7f23d2eb7000-7f23d2eb8000 rw-p 0000a000 08:05 818516                     /usr/lib/jvm/java-8-oracle/jre/lib/amd64/libinstrument.so
7f23d2eb8000-7f23d2ee4000 r-xp 00000000 08:05 818501                     /usr/lib/jvm/java-8-oracle/jre/lib/amd64/libjava.so
7f23d2ee4000-7f23d30e4000 ---p 0002c000 08:05 818501                     /usr/lib/jvm/java-8-oracle/jre/lib/amd64/libjava.so
7f23d30e4000-7f23d30e5000 r--p 0002c000 08:05 818501                     /usr/lib/jvm/java-8-oracle/jre/lib/amd64/libjava.so
7f23d30e5000-7f23d30e7000 rw-p 0002d000 08:05 818501                     /usr/lib/jvm/java-8-oracle/jre/lib/amd64/libjava.so
7f23d30e7000-7f23d30f4000 r-xp 00000000 08:05 818506                     /usr/lib/jvm/java-8-oracle/jre/lib/amd64/libverify.so
7f23d30f4000-7f23d32f3000 ---p 0000d000 08:05 818506                     /usr/lib/jvm/java-8-oracle/jre/lib/amd64/libverify.so
7f23d32f3000-7f23d32f5000 r--p 0000c000 08:05 818506                     /usr/lib/jvm/java-8-oracle/jre/lib/amd64/libverify.so
7f23d32f5000-7f23d32f6000 rw-p 0000e000 08:05 818506                     /usr/lib/jvm/java-8-oracle/jre/lib/amd64/libverify.so
7f23d32f6000-7f23d32fd000 r-xp 00000000 08:05 1052260                    /lib/x86_64-linux-gnu/librt-2.27.so
7f23d32fd000-7f23d34fc000 ---p 00007000 08:05 1052260                    /lib/x86_64-linux-gnu/librt-2.27.so
7f23d34fc000-7f23d34fd000 r--p 00006000 08:05 1052260                    /lib/x86_64-linux-gnu/librt-2.27.so
7f23d34fd000-7f23d34fe000 rw-p 00007000 08:05 1052260                    /lib/x86_64-linux-gnu/librt-2.27.so
7f23d34fe000-7f23d369b000 r-xp 00000000 08:05 1052182                    /lib/x86_64-linux-gnu/libm-2.27.so
7f23d369b000-7f23d389a000 ---p 0019d000 08:05 1052182                    /lib/x86_64-linux-gnu/libm-2.27.so
7f23d389a000-7f23d389b000 r--p 0019c000 08:05 1052182                    /lib/x86_64-linux-gnu/libm-2.27.so
7f23d389b000-7f23d389c000 rw-p 0019d000 08:05 1052182                    /lib/x86_64-linux-gnu/libm-2.27.so
7f23d389c000-7f23d4584000 r-xp 00000000 08:05 1202768                    /usr/lib/jvm/java-8-oracle/jre/lib/amd64/server/libjvm.so
7f23d4584000-7f23d4783000 ---p 00ce8000 08:05 1202768                    /usr/lib/jvm/java-8-oracle/jre/lib/amd64/server/libjvm.so
7f23d4783000-7f23d4819000 r--p 00ce7000 08:05 1202768                    /usr/lib/jvm/java-8-oracle/jre/lib/amd64/server/libjvm.so
7f23d4819000-7f23d484a000 rw-p 00d7d000 08:05 1202768                    /usr/lib/jvm/java-8-oracle/jre/lib/amd64/server/libjvm.so
7f23d484a000-7f23d4885000 rw-p 00000000 00:00 0 
7f23d4885000-7f23d4a6c000 r-xp 00000000 08:05 1052119                    /lib/x86_64-linux-gnu/libc-2.27.so
7f23d4a6c000-7f23d4c6c000 ---p 001e7000 08:05 1052119                    /lib/x86_64-linux-gnu/libc-2.27.so
7f23d4c6c000-7f23d4c70000 r--p 001e7000 08:05 1052119                    /lib/x86_64-linux-gnu/libc-2.27.so
7f23d4c70000-7f23d4c72000 rw-p 001eb000 08:05 1052119                    /lib/x86_64-linux-gnu/libc-2.27.so
7f23d4c72000-7f23d4c76000 rw-p 00000000 00:00 0 
7f23d4c76000-7f23d4c79000 r-xp 00000000 08:05 1052142                    /lib/x86_64-linux-gnu/libdl-2.27.so
7f23d4c79000-7f23d4e78000 ---p 00003000 08:05 1052142                    /lib/x86_64-linux-gnu/libdl-2.27.so
7f23d4e78000-7f23d4e79000 r--p 00002000 08:05 1052142                    /lib/x86_64-linux-gnu/libdl-2.27.so
7f23d4e79000-7f23d4e7a000 rw-p 00003000 08:05 1052142                    /lib/x86_64-linux-gnu/libdl-2.27.so
7f23d4e7a000-7f23d4e91000 r-xp 00000000 08:05 532291                     /usr/lib/jvm/java-8-oracle/lib/amd64/jli/libjli.so
7f23d4e91000-7f23d5090000 ---p 00017000 08:05 532291                     /usr/lib/jvm/java-8-oracle/lib/amd64/jli/libjli.so
7f23d5090000-7f23d5091000 r--p 00016000 08:05 532291                     /usr/lib/jvm/java-8-oracle/lib/amd64/jli/libjli.so
7f23d5091000-7f23d5092000 rw-p 00017000 08:05 532291                     /usr/lib/jvm/java-8-oracle/lib/amd64/jli/libjli.so
7f23d5092000-7f23d50ac000 r-xp 00000000 08:05 1052252                    /lib/x86_64-linux-gnu/libpthread-2.27.so
7f23d50ac000-7f23d52ab000 ---p 0001a000 08:05 1052252                    /lib/x86_64-linux-gnu/libpthread-2.27.so
7f23d52ab000-7f23d52ac000 r--p 00019000 08:05 1052252                    /lib/x86_64-linux-gnu/libpthread-2.27.so
7f23d52ac000-7f23d52ad000 rw-p 0001a000 08:05 1052252                    /lib/x86_64-linux-gnu/libpthread-2.27.so
7f23d52ad000-7f23d52b1000 rw-p 00000000 00:00 0 
7f23d52b1000-7f23d52d8000 r-xp 00000000 08:05 1052091                    /lib/x86_64-linux-gnu/ld-2.27.so
7f23d52d8000-7f23d52da000 r--s 00005000 08:05 641383                     /root/.m2/repository/org/jboss/arquillian/core/arquillian-core-spi/1.4.1.Final/arquillian-core-spi-1.4.1.Final.jar
7f23d52da000-7f23d52dc000 r--s 00001000 08:05 641378                     /root/.m2/repository/org/jboss/arquillian/core/arquillian-core-api/1.4.1.Final/arquillian-core-api-1.4.1.Final.jar
7f23d52dc000-7f23d52dd000 r--s 00000000 08:05 641376                     /root/.m2/repository/org/jboss/arquillian/test/arquillian-test-api/1.4.1.Final/arquillian-test-api-1.4.1.Final.jar
7f23d52dd000-7f23d52df000 r--s 0000c000 08:05 641374                     /root/.m2/repository/org/jboss/arquillian/junit/arquillian-junit-core/1.4.1.Final/arquillian-junit-core-1.4.1.Final.jar
7f23d52df000-7f23d52e1000 r--s 00001000 08:05 641372                     /root/.m2/repository/org/jboss/arquillian/junit/arquillian-junit-container/1.4.1.Final/arquillian-junit-container-1.4.1.Final.jar
7f23d52e1000-7f23d52e3000 r--s 00007000 08:05 818776                     /usr/lib/jvm/java-8-oracle/jre/lib/jfxswt.jar
7f23d52e3000-7f23d52ed000 r--s 0006e000 08:05 818424                     /usr/lib/jvm/java-8-oracle/jre/lib/javaws.jar
7f23d52ed000-7f23d52ef000 r--s 00009000 08:05 715973                     /root/.m2/repository/org/hamcrest/hamcrest-core/1.3/hamcrest-core-1.3.jar
7f23d52ef000-7f23d52f7000 r--s 00045000 08:05 715971                     /root/.m2/repository/junit/junit/4.12/junit-4.12.jar
7f23d52f7000-7f23d52fb000 r--s 0001d000 08:05 715990                     /root/.m2/repository/org/junit/jupiter/junit-jupiter-api/5.5.0-M1/junit-jupiter-api-5.5.0-M1.jar
7f23d52fb000-7f23d537d000 rw-p 00000000 00:00 0 
7f23d537d000-7f23d53b2000 r--s 00000000 08:05 1358324                    /var/cache/nscd/passwd
7f23d53b2000-7f23d53b3000 ---p 00000000 00:00 0 
7f23d53b3000-7f23d53b6000 ---p 00000000 00:00 0 
7f23d53b6000-7f23d54b7000 rw-p 00000000 00:00 0 
7f23d54b7000-7f23d54b8000 r--s 00000000 08:05 818421                     /usr/lib/jvm/java-8-oracle/jre/lib/management-agent.jar
7f23d54b8000-7f23d54ba000 r--s 0000c000 08:05 716034                     /root/.m2/repository/org/junit/vintage/junit-vintage-engine/5.5.0-M1/junit-vintage-engine-5.5.0-M1.jar
7f23d54ba000-7f23d54be000 r--s 00027000 08:05 716029                     /root/.m2/repository/org/junit/jupiter/junit-jupiter-engine/5.5.0-M1/junit-jupiter-engine-5.5.0-M1.jar
7f23d54be000-7f23d54c0000 r--s 00014000 08:05 715996                     /root/.m2/repository/org/junit/platform/junit-platform-commons/1.5.0-M1/junit-platform-commons-1.5.0-M1.jar
7f23d54c0000-7f23d54c1000 r--s 00001000 08:05 715994                     /root/.m2/repository/org/opentest4j/opentest4j/1.1.1/opentest4j-1.1.1.jar
7f23d54c1000-7f23d54c5000 r--s 00024000 08:05 716023                     /root/.m2/repository/org/junit/platform/junit-platform-engine/1.5.0-M1/junit-platform-engine-1.5.0-M1.jar
7f23d54c5000-7f23d54c6000 r--s 00000000 08:05 715992                     /root/.m2/repository/org/apiguardian/apiguardian-api/1.0.0/apiguardian-api-1.0.0.jar
7f23d54c6000-7f23d54c8000 r--s 00016000 08:05 716021                     /root/.m2/repository/org/junit/platform/junit-platform-launcher/1.5.0-M1/junit-platform-launcher-1.5.0-M1.jar
7f23d54c8000-7f23d54ca000 r--s 00008000 00:31 11670512                   /home/drax/JetBrains IntelliJ IDEA Ultimate 2018.2.5 Linux/idea-IU-182.4505.22/plugins/junit/lib/junit5-rt.jar
7f23d54ca000-7f23d54cc000 r--s 00020000 00:31 11670511                   /home/drax/JetBrains IntelliJ IDEA Ultimate 2018.2.5 Linux/idea-IU-182.4505.22/plugins/junit/lib/junit-rt.jar
7f23d54cc000-7f23d54ce000 r--s 0001a000 00:31 8788214                    /home/drax/JetBrains IntelliJ IDEA Ultimate 2018.2.5 Linux/idea-IU-182.4505.22/lib/idea_rt.jar
7f23d54ce000-7f23d54d6000 rw-s 00000000 08:05 1701764                    /tmp/hsperfdata_root/8826
7f23d54d6000-7f23d54d7000 rw-p 00000000 00:00 0 
7f23d54d7000-7f23d54d8000 ---p 00000000 00:00 0 
7f23d54d8000-7f23d54d9000 r--p 00027000 08:05 1052091                    /lib/x86_64-linux-gnu/ld-2.27.so
7f23d54d9000-7f23d54da000 rw-p 00028000 08:05 1052091                    /lib/x86_64-linux-gnu/ld-2.27.so
7f23d54da000-7f23d54db000 rw-p 00000000 00:00 0 
7ffe935a1000-7ffe935c3000 rw-p 00000000 00:00 0                          [stack]
7ffe935f2000-7ffe935f5000 r--p 00000000 00:00 0                          [vvar]
7ffe935f5000-7ffe935f7000 r-xp 00000000 00:00 0                          [vdso]
ffffffffff600000-ffffffffff601000 r-xp 00000000 00:00 0                  [vsyscall]

VM Arguments:
jvm_args: -ea -Didea.test.cyclic.buffer.size=1048576 -javaagent:/home/drax/JetBrains IntelliJ IDEA Ultimate 2018.2.5 Linux/idea-IU-182.4505.22/lib/idea_rt.jar=37153:/home/drax/JetBrains IntelliJ IDEA Ultimate 2018.2.5 Linux/idea-IU-182.4505.22/bin -Dfile.encoding=UTF-8 
java_command: com.intellij.rt.execution.junit.JUnitStarter -ideVersion5 -junit5 @w@/tmp/idea_working_dirs_junit.tmp @/tmp/idea_junit.tmp -socket36455
java_class_path (initial): /home/drax/JetBrains IntelliJ IDEA Ultimate 2018.2.5 Linux/idea-IU-182.4505.22/lib/idea_rt.jar:/home/drax/JetBrains IntelliJ IDEA Ultimate 2018.2.5 Linux/idea-IU-182.4505.22/plugins/junit/lib/junit-rt.jar:/home/drax/JetBrains IntelliJ IDEA Ultimate 2018.2.5 Linux/idea-IU-182.4505.22/plugins/junit/lib/junit5-rt.jar:/root/.m2/repository/org/junit/platform/junit-platform-launcher/1.5.0-M1/junit-platform-launcher-1.5.0-M1.jar:/root/.m2/repository/org/apiguardian/apiguardian-api/1.0.0/apiguardian-api-1.0.0.jar:/root/.m2/repository/org/junit/platform/junit-platform-engine/1.5.0-M1/junit-platform-engine-1.5.0-M1.jar:/root/.m2/repository/org/opentest4j/opentest4j/1.1.1/opentest4j-1.1.1.jar:/root/.m2/repository/org/junit/platform/junit-platform-commons/1.5.0-M1/junit-platform-commons-1.5.0-M1.jar:/root/.m2/repository/org/junit/jupiter/junit-jupiter-engine/5.5.0-M1/junit-jupiter-engine-5.5.0-M1.jar:/root/.m2/repository/org/junit/jupiter/junit-jupiter-api/5.5.0-M1/junit-jupiter-api-5.5.0-M1.jar:/root/.m2/repository/org/junit/vintage/junit-vintage-engine/5.5.0-M1/junit-vintage-engine-5.5.0-M1.jar:/root/.m2/repository/junit/junit/4.12/junit-4.12.jar:/root/.m2/repository/org/hamcrest/hamcrest-core/1.3/hamcrest-core-1.3.jar:/usr/lib/jvm/java-8-oracle/jre/lib/charsets.jar:/usr/lib/jvm/java-8-oracle/jre/lib/deploy.jar:/usr/lib/jvm/java-8-oracle/jre/lib/ext/cldrdata.jar:/usr/lib/jvm/java-8-oracle/jre/lib/ext/dnsns.jar:/usr/lib/jvm/java-8-oracle/jre/lib/ext/jaccess.jar:/usr/lib/jvm/java-8-oracle/jre/lib/ext/jfxrt.jar:/usr/lib/jvm/java-8-oracle/jre/lib/ext/localedata.jar:/usr/lib/jvm/java-8-oracle/jre/lib/ext/nashorn.jar:/usr/lib/jvm/java-8-oracle/jre/lib/ext/sunec.jar:/usr/lib/jvm/java-8-oracle/jre/lib/ext/sunjce_provider.jar:/usr/lib/jvm/java-8-oracle/jre/lib/ext/sunpkcs11.jar:/usr/lib/jvm/java-8-oracle/jre/lib/ext/zipfs.jar:/usr/lib/jvm/java-8-oracle/jre/lib/javaws.jar:/usr/lib/jvm/java-8-oracle/jre/lib/jce.jar:/usr/lib/jvm/java-8-oracle/jre/lib/jfr.jar:
Launcher Type: SUN_STANDARD

Environment Variables:
PATH=/usr/local/sbin:/usr/local/bin:/usr/sbin:/usr/bin:/sbin:/bin:/snap/bin
USERNAME=root
SHELL=/bin/bash
DISPLAY=:0

Signal Handlers:
SIGSEGV: [libjvm.so+0xad3e60], sa_mask[0]=11111111011111111101111111111110, sa_flags=SA_RESTART|SA_SIGINFO
SIGBUS: [libjvm.so+0xad3e60], sa_mask[0]=11111111011111111101111111111110, sa_flags=SA_RESTART|SA_SIGINFO
SIGFPE: [libjvm.so+0x90b880], sa_mask[0]=11111111011111111101111111111110, sa_flags=SA_RESTART|SA_SIGINFO
SIGPIPE: [libjvm.so+0x90b880], sa_mask[0]=11111111011111111101111111111110, sa_flags=SA_RESTART|SA_SIGINFO
SIGXFSZ: [libjvm.so+0x90b880], sa_mask[0]=11111111011111111101111111111110, sa_flags=SA_RESTART|SA_SIGINFO
SIGILL: [libjvm.so+0x90b880], sa_mask[0]=11111111011111111101111111111110, sa_flags=SA_RESTART|SA_SIGINFO
SIGUSR1: SIG_DFL, sa_mask[0]=00000000000000000000000000000000, sa_flags=none
SIGUSR2: [libjvm.so+0x90b750], sa_mask[0]=00100000000000000000000000000000, sa_flags=SA_RESTART|SA_SIGINFO
SIGHUP: [libjvm.so+0x90bd70], sa_mask[0]=11111111011111111101111111111110, sa_flags=SA_RESTART|SA_SIGINFO
SIGINT: [libjvm.so+0x90bd70], sa_mask[0]=11111111011111111101111111111110, sa_flags=SA_RESTART|SA_SIGINFO
SIGTERM: [libjvm.so+0x90bd70], sa_mask[0]=11111111011111111101111111111110, sa_flags=SA_RESTART|SA_SIGINFO
SIGQUIT: [libjvm.so+0x90bd70], sa_mask[0]=11111111011111111101111111111110, sa_flags=SA_RESTART|SA_SIGINFO


---------------  S Y S T E M  ---------------

OS:DISTRIB_ID=LinuxMint
DISTRIB_RELEASE=19.1
DISTRIB_CODENAME=tessa
DISTRIB_DESCRIPTION="Linux Mint 19.1 Tessa"

uname:Linux 4.15.0-47-generic #50-Ubuntu SMP Wed Mar 13 10:44:52 UTC 2019 x86_64
libc:glibc 2.27 NPTL 2.27 
rlimit: STACK 8192k, CORE 0k, NPROC 31048, NOFILE 4096, AS infinity
load average:5.49 1.66 1.05

/proc/meminfo:
MemTotal:        8077380 kB
MemFree:          107700 kB
MemAvailable:      15368 kB
Buffers:             648 kB
Cached:           392984 kB
SwapCached:         6232 kB
Active:          6362228 kB
Inactive:         920172 kB
Active(anon):    6346244 kB
Inactive(anon):   906724 kB
Active(file):      15984 kB
Inactive(file):    13448 kB
Unevictable:         128 kB
Mlocked:             128 kB
SwapTotal:       7999996 kB
SwapFree:              4 kB
Dirty:                68 kB
Writeback:             0 kB
AnonPages:       6884836 kB
Mapped:           262968 kB
Shmem:            363260 kB
Slab:             213088 kB
SReclaimable:      63564 kB
SUnreclaim:       149524 kB
KernelStack:       47968 kB
PageTables:       231244 kB
NFS_Unstable:          0 kB
Bounce:                0 kB
WritebackTmp:          0 kB
CommitLimit:    12038684 kB
Committed_AS:   44604332 kB
VmallocTotal:   34359738367 kB
VmallocUsed:           0 kB
VmallocChunk:          0 kB
HardwareCorrupted:     0 kB
AnonHugePages:         0 kB
ShmemHugePages:        0 kB
ShmemPmdMapped:        0 kB
CmaTotal:              0 kB
CmaFree:               0 kB
HugePages_Total:       0
HugePages_Free:        0
HugePages_Rsvd:        0
HugePages_Surp:        0
Hugepagesize:       2048 kB
DirectMap4k:     1047296 kB
DirectMap2M:     7251968 kB
DirectMap1G:     1048576 kB

container (cgroup) information:
container_type: cgroupv1
cpu_cpuset_cpus: 0-7
cpu_memory_nodes: 0
active_processor_count: 8
cpu_quota: -1
cpu_period: 100000
cpu_shares: -1
memory_limit_in_bytes: -1
memory_and_swap_limit_in_bytes: -2
memory_soft_limit_in_bytes: -1
memory_usage_in_bytes: 7461216256
memory_max_usage_in_bytes: 2324176896


CPU:total 8 (initial active 8) (4 cores per cpu, 2 threads per core) family 6 model 60 stepping 3, cmov, cx8, fxsr, mmx, sse, sse2, sse3, ssse3, sse4.1, sse4.2, popcnt, avx, avx2, aes, clmul, erms, lzcnt, ht, tsc, tscinvbit, bmi1, bmi2

/proc/cpuinfo:
processor	: 0
vendor_id	: GenuineIntel
cpu family	: 6
model		: 60
model name	: Intel(R) Core(TM) i7-4710HQ CPU @ 2.50GHz
stepping	: 3
microcode	: 0x25
cpu MHz		: 2494.123
cache size	: 6144 KB
physical id	: 0
siblings	: 8
core id		: 0
cpu cores	: 4
apicid		: 0
initial apicid	: 0
fpu		: yes
fpu_exception	: yes
cpuid level	: 13
wp		: yes
flags		: fpu vme de pse tsc msr pae mce cx8 apic sep mtrr pge mca cmov pat pse36 clflush dts acpi mmx fxsr sse sse2 ss ht tm pbe syscall nx pdpe1gb rdtscp lm constant_tsc arch_perfmon pebs bts rep_good nopl xtopology nonstop_tsc cpuid aperfmperf pni pclmulqdq dtes64 monitor ds_cpl vmx est tm2 ssse3 sdbg fma cx16 xtpr pdcm pcid sse4_1 sse4_2 x2apic movbe popcnt tsc_deadline_timer aes xsave avx f16c rdrand lahf_lm abm cpuid_fault epb invpcid_single pti ssbd ibrs ibpb stibp tpr_shadow vnmi flexpriority ept vpid fsgsbase tsc_adjust bmi1 avx2 smep bmi2 erms invpcid xsaveopt dtherm ida arat pln pts flush_l1d
bugs		: cpu_meltdown spectre_v1 spectre_v2 spec_store_bypass l1tf
bogomips	: 4988.25
clflush size	: 64
cache_alignment	: 64
address sizes	: 39 bits physical, 48 bits virtual
power management:

processor	: 1
vendor_id	: GenuineIntel
cpu family	: 6
model		: 60
model name	: Intel(R) Core(TM) i7-4710HQ CPU @ 2.50GHz
stepping	: 3
microcode	: 0x25
cpu MHz		: 2494.123
cache size	: 6144 KB
physical id	: 0
siblings	: 8
core id		: 0
cpu cores	: 4
apicid		: 1
initial apicid	: 1
fpu		: yes
fpu_exception	: yes
cpuid level	: 13
wp		: yes
flags		: fpu vme de pse tsc msr pae mce cx8 apic sep mtrr pge mca cmov pat pse36 clflush dts acpi mmx fxsr sse sse2 ss ht tm pbe syscall nx pdpe1gb rdtscp lm constant_tsc arch_perfmon pebs bts rep_good nopl xtopology nonstop_tsc cpuid aperfmperf pni pclmulqdq dtes64 monitor ds_cpl vmx est tm2 ssse3 sdbg fma cx16 xtpr pdcm pcid sse4_1 sse4_2 x2apic movbe popcnt tsc_deadline_timer aes xsave avx f16c rdrand lahf_lm abm cpuid_fault epb invpcid_single pti ssbd ibrs ibpb stibp tpr_shadow vnmi flexpriority ept vpid fsgsbase tsc_adjust bmi1 avx2 smep bmi2 erms invpcid xsaveopt dtherm ida arat pln pts flush_l1d
bugs		: cpu_meltdown spectre_v1 spectre_v2 spec_store_bypass l1tf
bogomips	: 4988.25
clflush size	: 64
cache_alignment	: 64
address sizes	: 39 bits physical, 48 bits virtual
power management:

processor	: 2
vendor_id	: GenuineIntel
cpu family	: 6
model		: 60
model name	: Intel(R) Core(TM) i7-4710HQ CPU @ 2.50GHz
stepping	: 3
microcode	: 0x25
cpu MHz		: 2494.125
cache size	: 6144 KB
physical id	: 0
siblings	: 8
core id		: 1
cpu cores	: 4
apicid		: 2
initial apicid	: 2
fpu		: yes
fpu_exception	: yes
cpuid level	: 13
wp		: yes
flags		: fpu vme de pse tsc msr pae mce cx8 apic sep mtrr pge mca cmov pat pse36 clflush dts acpi mmx fxsr sse sse2 ss ht tm pbe syscall nx pdpe1gb rdtscp lm constant_tsc arch_perfmon pebs bts rep_good nopl xtopology nonstop_tsc cpuid aperfmperf pni pclmulqdq dtes64 monitor ds_cpl vmx est tm2 ssse3 sdbg fma cx16 xtpr pdcm pcid sse4_1 sse4_2 x2apic movbe popcnt tsc_deadline_timer aes xsave avx f16c rdrand lahf_lm abm cpuid_fault epb invpcid_single pti ssbd ibrs ibpb stibp tpr_shadow vnmi flexpriority ept vpid fsgsbase tsc_adjust bmi1 avx2 smep bmi2 erms invpcid xsaveopt dtherm ida arat pln pts flush_l1d
bugs		: cpu_meltdown spectre_v1 spectre_v2 spec_store_bypass l1tf
bogomips	: 4988.25
clflush size	: 64
cache_alignment	: 64
address sizes	: 39 bits physical, 48 bits virtual
power management:

processor	: 3
vendor_id	: GenuineIntel
cpu family	: 6
model		: 60
model name	: Intel(R) Core(TM) i7-4710HQ CPU @ 2.50GHz
stepping	: 3
microcode	: 0x25
cpu MHz		: 2494.123
cache size	: 6144 KB
physical id	: 0
siblings	: 8
core id		: 1
cpu cores	: 4
apicid		: 3
initial apicid	: 3
fpu		: yes
fpu_exception	: yes
cpuid level	: 13
wp		: yes
flags		: fpu vme de pse tsc msr pae mce cx8 apic sep mtrr pge mca cmov pat pse36 clflush dts acpi mmx fxsr sse sse2 ss ht tm pbe syscall nx pdpe1gb rdtscp lm constant_tsc arch_perfmon pebs bts rep_good nopl xtopology nonstop_tsc cpuid aperfmperf pni pclmulqdq dtes64 monitor ds_cpl vmx est tm2 ssse3 sdbg fma cx16 xtpr pdcm pcid sse4_1 sse4_2 x2apic movbe popcnt tsc_deadline_timer aes xsave avx f16c rdrand lahf_lm abm cpuid_fault epb invpcid_single pti ssbd ibrs ibpb stibp tpr_shadow vnmi flexpriority ept vpid fsgsbase tsc_adjust bmi1 avx2 smep bmi2 erms invpcid xsaveopt dtherm ida arat pln pts flush_l1d
bugs		: cpu_meltdown spectre_v1 spectre_v2 spec_store_bypass l1tf
bogomips	: 4988.25
clflush size	: 64
cache_alignment	: 64
address sizes	: 39 bits physical, 48 bits virtual
power management:

processor	: 4
vendor_id	: GenuineIntel
cpu family	: 6
model		: 60
model name	: Intel(R) Core(TM) i7-4710HQ CPU @ 2.50GHz
stepping	: 3
microcode	: 0x25
cpu MHz		: 2494.125
cache size	: 6144 KB
physical id	: 0
siblings	: 8
core id		: 2
cpu cores	: 4
apicid		: 4
initial apicid	: 4
fpu		: yes
fpu_exception	: yes
cpuid level	: 13
wp		: yes
flags		: fpu vme de pse tsc msr pae mce cx8 apic sep mtrr pge mca cmov pat pse36 clflush dts acpi mmx fxsr sse sse2 ss ht tm pbe syscall nx pdpe1gb rdtscp lm constant_tsc arch_perfmon pebs bts rep_good nopl xtopology nonstop_tsc cpuid aperfmperf pni pclmulqdq dtes64 monitor ds_cpl vmx est tm2 ssse3 sdbg fma cx16 xtpr pdcm pcid sse4_1 sse4_2 x2apic movbe popcnt tsc_deadline_timer aes xsave avx f16c rdrand lahf_lm abm cpuid_fault epb invpcid_single pti ssbd ibrs ibpb stibp tpr_shadow vnmi flexpriority ept vpid fsgsbase tsc_adjust bmi1 avx2 smep bmi2 erms invpcid xsaveopt dtherm ida arat pln pts flush_l1d
bugs		: cpu_meltdown spectre_v1 spectre_v2 spec_store_bypass l1tf
bogomips	: 4988.25
clflush size	: 64
cache_alignment	: 64
address sizes	: 39 bits physical, 48 bits virtual
power management:

processor	: 5
vendor_id	: GenuineIntel
cpu family	: 6
model		: 60
model name	: Intel(R) Core(TM) i7-4710HQ CPU @ 2.50GHz
stepping	: 3
microcode	: 0x25
cpu MHz		: 2494.125
cache size	: 6144 KB
physical id	: 0
siblings	: 8
core id		: 2
cpu cores	: 4
apicid		: 5
initial apicid	: 5
fpu		: yes
fpu_exception	: yes
cpuid level	: 13
wp		: yes
flags		: fpu vme de pse tsc msr pae mce cx8 apic sep mtrr pge mca cmov pat pse36 clflush dts acpi mmx fxsr sse sse2 ss ht tm pbe syscall nx pdpe1gb rdtscp lm constant_tsc arch_perfmon pebs bts rep_good nopl xtopology nonstop_tsc cpuid aperfmperf pni pclmulqdq dtes64 monitor ds_cpl vmx est tm2 ssse3 sdbg fma cx16 xtpr pdcm pcid sse4_1 sse4_2 x2apic movbe popcnt tsc_deadline_timer aes xsave avx f16c rdrand lahf_lm abm cpuid_fault epb invpcid_single pti ssbd ibrs ibpb stibp tpr_shadow vnmi flexpriority ept vpid fsgsbase tsc_adjust bmi1 avx2 smep bmi2 erms invpcid xsaveopt dtherm ida arat pln pts flush_l1d
bugs		: cpu_meltdown spectre_v1 spectre_v2 spec_store_bypass l1tf
bogomips	: 4988.25
clflush size	: 64
cache_alignment	: 64
address sizes	: 39 bits physical, 48 bits virtual
power management:

processor	: 6
vendor_id	: GenuineIntel
cpu family	: 6
model		: 60
model name	: Intel(R) Core(TM) i7-4710HQ CPU @ 2.50GHz
stepping	: 3
microcode	: 0x25
cpu MHz		: 2494.124
cache size	: 6144 KB
physical id	: 0
siblings	: 8
core id		: 3
cpu cores	: 4
apicid		: 6
initial apicid	: 6
fpu		: yes
fpu_exception	: yes
cpuid level	: 13
wp		: yes
flags		: fpu vme de pse tsc msr pae mce cx8 apic sep mtrr pge mca cmov pat pse36 clflush dts acpi mmx fxsr sse sse2 ss ht tm pbe syscall nx pdpe1gb rdtscp lm constant_tsc arch_perfmon pebs bts rep_good nopl xtopology nonstop_tsc cpuid aperfmperf pni pclmulqdq dtes64 monitor ds_cpl vmx est tm2 ssse3 sdbg fma cx16 xtpr pdcm pcid sse4_1 sse4_2 x2apic movbe popcnt tsc_deadline_timer aes xsave avx f16c rdrand lahf_lm abm cpuid_fault epb invpcid_single pti ssbd ibrs ibpb stibp tpr_shadow vnmi flexpriority ept vpid fsgsbase tsc_adjust bmi1 avx2 smep bmi2 erms invpcid xsaveopt dtherm ida arat pln pts flush_l1d
bugs		: cpu_meltdown spectre_v1 spectre_v2 spec_store_bypass l1tf
bogomips	: 4988.25
clflush size	: 64
cache_alignment	: 64
address sizes	: 39 bits physical, 48 bits virtual
power management:

processor	: 7
vendor_id	: GenuineIntel
cpu family	: 6
model		: 60
model name	: Intel(R) Core(TM) i7-4710HQ CPU @ 2.50GHz
stepping	: 3
microcode	: 0x25
cpu MHz		: 2494.128
cache size	: 6144 KB
physical id	: 0
siblings	: 8
core id		: 3
cpu cores	: 4
apicid		: 7
initial apicid	: 7
fpu		: yes
fpu_exception	: yes
cpuid level	: 13
wp		: yes
flags		: fpu vme de pse tsc msr pae mce cx8 apic sep mtrr pge mca cmov pat pse36 clflush dts acpi mmx fxsr sse sse2 ss ht tm pbe syscall nx pdpe1gb rdtscp lm constant_tsc arch_perfmon pebs bts rep_good nopl xtopology nonstop_tsc cpuid aperfmperf pni pclmulqdq dtes64 monitor ds_cpl vmx est tm2 ssse3 sdbg fma cx16 xtpr pdcm pcid sse4_1 sse4_2 x2apic movbe popcnt tsc_deadline_timer aes xsave avx f16c rdrand lahf_lm abm cpuid_fault epb invpcid_single pti ssbd ibrs ibpb stibp tpr_shadow vnmi flexpriority ept vpid fsgsbase tsc_adjust bmi1 avx2 smep bmi2 erms invpcid xsaveopt dtherm ida arat pln pts flush_l1d
bugs		: cpu_meltdown spectre_v1 spectre_v2 spec_store_bypass l1tf
bogomips	: 4988.25
clflush size	: 64
cache_alignment	: 64
address sizes	: 39 bits physical, 48 bits virtual
power management:



Memory: 4k page, physical 8077380k(105156k free), swap 7999996k(0k free)

vm_info: Java HotSpot(TM) 64-Bit Server VM (25.201-b09) for linux-amd64 JRE (1.8.0_201-b09), built on Dec 15 2018 11:35:59 by "java_re" with gcc 7.3.0

time: Tue Apr 30 21:21:59 2019
timezone: CEST
elapsed time: 11 seconds (0d 0h 0m 11s)

